2017-04-25 19:57:50 INFO  DAO:20 - INFO: conexión creada
2017-04-25 19:57:50 INFO  DAO:20 - INFO: conexión creada
2017-04-25 19:57:50 INFO  DAO:51 - INFO: Insert query: INSERT INTO Usuario (id,nombre,contrasena,email) VALUES (?,?,?,?);
2017-04-26 08:26:15 INFO  DAO:20 - INFO: conexión creada
2017-04-26 08:26:45 INFO  DAO:20 - INFO: conexión creada
2017-04-26 08:26:45 INFO  DAO:20 - INFO: conexión creada
2017-04-26 08:26:45 INFO  DAO:20 - INFO: conexión creada
2017-04-26 08:26:45 INFO  DAO:51 - INFO: Insert query: INSERT INTO Usuario (id,nombre,contrasena,email) VALUES (?,?,?,?);
2017-04-26 08:26:45 INFO  DAO:56 - INFO: Insert statement: com.mysql.jdbc.JDBC4PreparedStatement@4c25000: INSERT INTO Usuario (id,nombre,contrasena,email) VALUES (1,'Aleix','aliex','aleix@upc.edu');
2017-04-26 08:27:25 INFO  DAO:20 - INFO: conexión creada
2017-04-26 08:27:34 INFO  DAO:20 - INFO: conexión creada
2017-04-26 08:27:44 INFO  DAO:20 - INFO: conexión creada
2017-04-26 08:27:56 INFO  DAO:20 - INFO: conexión creada
2017-04-26 08:28:02 INFO  DAO:20 - INFO: conexión creada
2017-04-26 08:28:12 INFO  DAO:20 - INFO: conexión creada
2017-04-26 08:30:16 INFO  DAO:20 - INFO: conexión creada
2017-04-26 08:30:24 INFO  DAO:20 - INFO: conexión creada
2017-04-26 08:32:14 INFO  DAO:20 - INFO: conexión creada
2017-04-26 08:33:35 INFO  DAO:20 - INFO: conexión creada
2017-04-26 08:33:42 INFO  DAO:20 - INFO: conexión creada
2017-04-26 08:33:47 INFO  DAO:20 - INFO: conexión creada
2017-04-26 08:44:25 INFO  DAO:20 - INFO: conexión creada
2017-04-26 08:44:53 INFO  DAO:20 - INFO: conexión creada
2017-04-26 08:44:53 INFO  DAO:20 - INFO: conexión creada
2017-04-26 08:44:53 INFO  DAO:51 - INFO: Insert query: INSERT INTO Eetakemon (id,nombre,tipo,nivel,ataque) VALUES (?,?,?,?,?);
2017-04-26 08:44:53 INFO  DAO:56 - INFO: Insert statement: com.mysql.jdbc.JDBC4PreparedStatement@1f5fc38b: INSERT INTO Eetakemon (id,nombre,tipo,nivel,ataque) VALUES (1,'Pikachu','Normal',5,'Electrico');
2017-04-26 09:03:01 INFO  DAO:23 - INFO: conexión creada
2017-04-26 09:18:33 INFO  DAO:23 - INFO: conexión creada
2017-04-26 09:18:33 INFO  DAO:112 - INFO: Select query: SELECT * FROM Usuario WHERE id=0
2017-04-26 09:18:33 INFO  DAO:116 - INFO: Select prepared statement: com.mysql.jdbc.JDBC4PreparedStatement@6e2ae3fd: SELECT * FROM Usuario WHERE id=0
2017-04-26 09:34:42 INFO  DAO:23 - INFO: conexión creada
2017-04-26 09:34:48 INFO  DAO:23 - INFO: conexión creada
2017-04-26 09:34:48 INFO  DAO:112 - INFO: Select query: SELECT * FROM Usuario WHERE id=0
2017-04-26 09:34:48 INFO  DAO:116 - INFO: Select prepared statement: com.mysql.jdbc.JDBC4PreparedStatement@13a50609: SELECT * FROM Usuario WHERE id=0
2017-04-26 09:37:17 INFO  DAO:23 - INFO: conexión creada
2017-04-26 09:37:17 INFO  DAO:112 - INFO: Select query: SELECT * FROM Usuario WHERE id=0
2017-04-26 09:37:17 INFO  DAO:116 - INFO: Select prepared statement: com.mysql.jdbc.JDBC4PreparedStatement@14d78e68: SELECT * FROM Usuario WHERE id=0
2017-04-26 09:37:35 INFO  DAO:23 - INFO: conexión creada
2017-04-26 09:37:35 INFO  DAO:112 - INFO: Select query: SELECT * FROM Usuario WHERE id=0
2017-04-26 09:37:35 INFO  DAO:116 - INFO: Select prepared statement: com.mysql.jdbc.JDBC4PreparedStatement@900a5fc: SELECT * FROM Usuario WHERE id=0
2017-04-26 09:37:38 INFO  DAO:23 - INFO: conexión creada
2017-04-26 09:37:38 INFO  DAO:112 - INFO: Select query: SELECT * FROM Usuario WHERE id=0
2017-04-26 09:37:38 INFO  DAO:116 - INFO: Select prepared statement: com.mysql.jdbc.JDBC4PreparedStatement@1ec7341a: SELECT * FROM Usuario WHERE id=0
2017-04-26 09:39:19 INFO  DAO:23 - INFO: conexión creada
2017-04-26 09:39:23 INFO  DAO:23 - INFO: conexión creada
2017-04-26 09:39:26 INFO  DAO:23 - INFO: conexión creada
2017-04-26 09:39:31 INFO  DAO:23 - INFO: conexión creada
2017-04-26 09:39:45 INFO  DAO:23 - INFO: conexión creada
2017-04-26 09:39:45 INFO  DAO:112 - INFO: Select query: SELECT * FROM Usuario WHERE id=0
2017-04-26 09:39:45 INFO  DAO:116 - INFO: Select prepared statement: com.mysql.jdbc.JDBC4PreparedStatement@519eaff8: SELECT * FROM Usuario WHERE id=0
2017-04-26 09:45:51 INFO  DAO:23 - INFO: conexión creada
2017-04-26 09:50:36 INFO  DAO:23 - INFO: conexión creada
2017-04-26 09:50:36 INFO  DAO:112 - INFO: Select query: SELECT * FROM Usuario WHERE id=0
2017-04-26 09:50:36 INFO  DAO:116 - INFO: Select prepared statement: com.mysql.jdbc.JDBC4PreparedStatement@480a2519: SELECT * FROM Usuario WHERE id=0
2017-04-26 09:51:54 INFO  DAO:23 - INFO: conexión creada
2017-04-26 09:52:20 INFO  DAO:23 - INFO: conexión creada
2017-04-26 09:52:20 INFO  DAO:112 - INFO: Select query: SELECT * FROM Usuario WHERE id=0
2017-04-26 09:52:20 INFO  DAO:116 - INFO: Select prepared statement: com.mysql.jdbc.JDBC4PreparedStatement@4c023ab8: SELECT * FROM Usuario WHERE id=0
2017-04-26 09:57:20 INFO  DAO:23 - INFO: conexión creada
2017-04-26 10:02:17 INFO  DAO:23 - INFO: conexión creada
2017-04-26 10:02:17 INFO  DAO:112 - INFO: Select query: SELECT * FROM Usuario WHERE id=0
2017-04-26 10:02:17 INFO  DAO:116 - INFO: Select prepared statement: com.mysql.jdbc.JDBC4PreparedStatement@4c023ab8: SELECT * FROM Usuario WHERE id=0
2017-04-26 10:07:10 INFO  DAO:23 - INFO: conexión creada
2017-04-26 10:07:18 INFO  DAO:23 - INFO: conexión creada
2017-04-26 10:07:18 INFO  DAO:112 - INFO: Select query: SELECT * FROM Usuario WHERE id=0
2017-04-26 10:07:18 INFO  DAO:116 - INFO: Select prepared statement: com.mysql.jdbc.JDBC4PreparedStatement@5fc0ad22: SELECT * FROM Usuario WHERE id=0
2017-04-26 11:41:27 INFO  DAO:30 - INFO: conexión creada
2017-04-26 11:41:27 INFO  DAO:288 - INFO: No logeado: Aleix
2017-04-26 11:41:33 INFO  DAO:30 - INFO: conexión creada
2017-04-26 11:41:33 INFO  DAO:288 - INFO: No logeado: Aleix
2017-04-26 11:42:02 INFO  DAO:30 - INFO: conexión creada
2017-04-26 11:42:02 INFO  DAO:288 - INFO: No logeado: Aleix
2017-04-26 11:42:07 INFO  DAO:30 - INFO: conexión creada
2017-04-26 11:42:07 INFO  DAO:288 - INFO: No logeado: Aleix
2017-04-26 11:42:25 INFO  DAO:30 - INFO: conexión creada
2017-04-26 11:42:25 INFO  DAO:292 - INFO: Logeado: Aleix
2017-04-26 11:42:54 INFO  DAO:30 - INFO: conexión creada
2017-04-26 11:42:54 INFO  DAO:292 - INFO: Logeado: Aleix
2017-04-26 11:43:00 INFO  DAO:30 - INFO: conexión creada
2017-04-26 11:43:00 INFO  DAO:118 - INFO: Select  statement: com.mysql.jdbc.JDBC4PreparedStatement@5d1ee34e: SELECT * FROM Eetakemon WHERE id=0
2017-04-26 12:14:49 INFO  DAO:30 - INFO: conexión creada
2017-04-26 12:14:49 INFO  DAO:292 - INFO: Logeado: Aleix
2017-04-26 12:15:18 INFO  DAO:30 - INFO: conexión creada
2017-04-26 12:15:18 INFO  DAO:292 - INFO: Logeado: Aleix
2017-04-26 12:16:00 INFO  DAO:30 - INFO: conexión creada
2017-04-26 12:16:00 INFO  DAO:288 - INFO: No logeado: uqiwbenfa
2017-04-26 12:16:02 INFO  DAO:30 - INFO: conexión creada
2017-04-26 12:16:02 INFO  DAO:288 - INFO: No logeado: uqiwbenfa
2017-04-26 12:16:11 INFO  DAO:30 - INFO: conexión creada
2017-04-26 12:16:11 INFO  DAO:288 - INFO: No logeado: uqiwbenfa
2017-04-26 12:17:09 INFO  DAO:30 - INFO: conexión creada
2017-04-26 12:17:09 INFO  DAO:292 - INFO: Logeado: Aleix
2017-04-26 13:07:16 INFO  DAO:30 - INFO: conexión creada
2017-04-26 13:07:16 INFO  DAO:368 - INFO: Usuario no existente: jacinto
2017-04-26 13:07:16 INFO  DAO:30 - INFO: conexión creada
2017-04-26 13:07:16 INFO  DAO:76 - INFO: Insert statement: com.mysql.jdbc.JDBC4PreparedStatement@129bba8e: INSERT INTO Eetakemon (nombre,tipo,nivel,ataque) VALUES ('jacinto','normal',0,'pegar');
2017-04-26 18:00:53 INFO  DAO:30 - INFO: conexión creada
2017-04-26 18:00:53 INFO  DAO:76 - INFO: Insert statement: com.mysql.jdbc.JDBC4PreparedStatement@3aa9e816: INSERT INTO Usuario (nombre,contrasena,email) VALUES ('Mikel','1234','guillem@gmail.com');
2017-04-26 19:06:41 INFO  DAO:30 - INFO: conexión creada
2017-04-26 19:06:41 INFO  DAO:375 - INFO: Usuario no existente: 
2017-04-26 19:06:42 INFO  DAO:30 - INFO: conexión creada
2017-04-26 19:06:42 INFO  DAO:76 - INFO: Insert statement: com.mysql.jdbc.JDBC4PreparedStatement@3f36f034: INSERT INTO Usuario (nombre,contrasena,email,admin) VALUES ('','','',0);
2017-04-26 19:07:07 INFO  DAO:30 - INFO: conexión creada
2017-04-26 19:07:07 INFO  DAO:375 - INFO: Usuario no existente: Jose
2017-04-26 19:07:07 INFO  DAO:30 - INFO: conexión creada
2017-04-26 19:07:07 INFO  DAO:76 - INFO: Insert statement: com.mysql.jdbc.JDBC4PreparedStatement@4c4bf20f: INSERT INTO Usuario (nombre,contrasena,email,admin) VALUES ('Jose','1234','jose@upc.edu',0);
2017-04-26 19:10:49 INFO  DAO:30 - INFO: conexión creada
2017-04-26 19:10:49 INFO  DAO:375 - INFO: Usuario no existente: 
2017-04-26 19:10:50 INFO  DAO:30 - INFO: conexión creada
2017-04-26 19:10:50 INFO  DAO:76 - INFO: Insert statement: com.mysql.jdbc.JDBC4PreparedStatement@5bb94c7b: INSERT INTO Usuario (nombre,contrasena,email,admin) VALUES ('','','',0);
2017-04-26 19:11:51 INFO  DAO:30 - INFO: conexión creada
2017-04-26 19:11:51 INFO  DAO:369 - INFO: Usuario ya existente: 
2017-04-26 19:12:01 INFO  DAO:30 - INFO: conexión creada
2017-04-26 19:12:01 INFO  DAO:369 - INFO: Usuario ya existente: 
2017-04-26 19:12:05 INFO  DAO:30 - INFO: conexión creada
2017-04-26 19:12:05 INFO  DAO:369 - INFO: Usuario ya existente: 
2017-04-26 19:13:13 INFO  DAO:31 - INFO: conexión creada
2017-04-26 19:13:13 INFO  DAO:376 - INFO: Usuario no existente: 
2017-04-26 19:13:13 INFO  DAO:31 - INFO: conexión creada
2017-04-26 19:13:13 INFO  DAO:77 - INFO: Insert statement: com.mysql.jdbc.JDBC4PreparedStatement@370dfb44: INSERT INTO Usuario (nombre,contrasena,email,admin) VALUES ('','','',0);
2017-04-26 19:14:09 INFO  DAO:31 - INFO: conexión creada
2017-04-26 19:14:09 INFO  DAO:376 - INFO: Usuario no existente: 
2017-04-26 19:14:09 INFO  DAO:31 - INFO: conexión creada
2017-04-26 19:14:09 INFO  DAO:77 - INFO: Insert statement: com.mysql.jdbc.JDBC4PreparedStatement@4cd73cb4: INSERT INTO Usuario (nombre,contrasena,email,admin) VALUES ('','','',0);
2017-04-26 19:16:16 INFO  DAO:31 - INFO: conexión creada
2017-04-26 19:16:16 INFO  DAO:31 - INFO: conexión creada
2017-04-26 19:16:16 INFO  DAO:376 - INFO: Usuario no existente: 
2017-04-26 19:16:16 INFO  DAO:376 - INFO: Usuario no existente: 
2017-04-26 19:16:16 INFO  DAO:31 - INFO: conexión creada
2017-04-26 19:16:16 INFO  DAO:31 - INFO: conexión creada
2017-04-26 19:16:16 INFO  DAO:77 - INFO: Insert statement: com.mysql.jdbc.JDBC4PreparedStatement@32fef6f8: INSERT INTO Usuario (nombre,contrasena,email,admin) VALUES ('','','',0);
2017-04-26 19:16:16 INFO  DAO:77 - INFO: Insert statement: com.mysql.jdbc.JDBC4PreparedStatement@21140dbc: INSERT INTO Usuario (nombre,contrasena,email,admin) VALUES ('','','',0);
2017-04-26 19:18:56 INFO  DAO:31 - INFO: conexión creada
2017-04-26 19:18:56 INFO  DAO:376 - INFO: Usuario no existente: Aleix
2017-04-26 19:18:56 INFO  DAO:31 - INFO: conexión creada
2017-04-26 19:18:56 INFO  DAO:77 - INFO: Insert statement: com.mysql.jdbc.JDBC4PreparedStatement@4ec8d5fb: INSERT INTO Usuario (nombre,contrasena,email,admin) VALUES ('Aleix','aleix','aleix@upc.edu',0);
2017-04-26 19:19:08 INFO  DAO:31 - INFO: conexión creada
2017-04-26 19:19:08 INFO  DAO:348 - INFO: Logeado: Aleix
2017-04-26 19:19:17 INFO  DAO:31 - INFO: conexión creada
2017-04-26 19:19:17 INFO  DAO:376 - INFO: Usuario no existente: 
2017-04-26 19:19:17 INFO  DAO:31 - INFO: conexión creada
2017-04-26 19:19:17 INFO  DAO:77 - INFO: Insert statement: com.mysql.jdbc.JDBC4PreparedStatement@2fe64b06: INSERT INTO Usuario (nombre,contrasena,email,admin) VALUES ('','','',0);
2017-04-27 16:19:11 INFO  DAO:31 - INFO: conexión creada
2017-04-27 16:19:11 INFO  DAO:348 - INFO: Logeado: Aleix
2017-04-27 16:19:28 INFO  DAO:31 - INFO: conexión creada
2017-04-27 16:19:28 INFO  DAO:370 - INFO: Usuario ya existente: 
2017-04-27 16:21:33 INFO  DAO:31 - INFO: conexión creada
2017-04-27 16:21:33 INFO  DAO:348 - INFO: Logeado: Aleix
2017-04-27 16:25:43 INFO  DAO:31 - INFO: conexión creada
2017-04-27 16:25:43 INFO  DAO:120 - INFO: Update statement: com.mysql.jdbc.JDBC4PreparedStatement@51644ac6: UPDATE Usuario SET nombre='Aleix',contrasena=null,email='aleix',admin=1 WHERE id=1;
2017-04-27 16:27:15 INFO  DAO:31 - INFO: conexión creada
2017-04-27 16:27:15 INFO  DAO:120 - INFO: Update statement: com.mysql.jdbc.JDBC4PreparedStatement@43752c41: UPDATE Usuario SET nombre='Aleix',contrasena='aleix',email='aleix',admin=1 WHERE id=1;
2017-04-27 16:33:04 INFO  DAO:31 - INFO: conexión creada
2017-04-27 16:33:04 INFO  DAO:348 - INFO: Logeado: Aleix
2017-04-27 16:33:19 INFO  DAO:31 - INFO: conexión creada
2017-04-27 16:33:19 INFO  DAO:141 - INFO: Select  statement: com.mysql.jdbc.JDBC4PreparedStatement@d9ea4d0: SELECT * FROM Usuario WHERE id=1
2017-04-27 16:33:31 INFO  DAO:31 - INFO: conexión creada
2017-04-27 16:33:31 INFO  DAO:141 - INFO: Select  statement: com.mysql.jdbc.JDBC4PreparedStatement@31b150b7: SELECT * FROM Eetakemon WHERE id=1
2017-04-27 16:37:29 INFO  DAO:31 - INFO: conexión creada
2017-04-27 16:37:29 INFO  DAO:348 - INFO: Logeado: Aleix
2017-04-27 16:50:32 INFO  DAO:31 - INFO: conexión creada
2017-04-27 16:50:32 INFO  DAO:348 - INFO: Logeado: Aleix
2017-04-27 16:58:45 INFO  DAO:31 - INFO: conexión creada
2017-04-27 16:58:45 INFO  DAO:348 - INFO: Logeado: Aleix
2017-04-27 16:58:59 INFO  DAO:31 - INFO: conexión creada
2017-04-27 16:58:59 INFO  DAO:141 - INFO: Select  statement: com.mysql.jdbc.JDBC4PreparedStatement@11f5466d: SELECT * FROM Usuario WHERE id=1
2017-04-27 16:59:02 INFO  DAO:31 - INFO: conexión creada
2017-04-27 16:59:02 INFO  DAO:141 - INFO: Select  statement: com.mysql.jdbc.JDBC4PreparedStatement@783335d0: SELECT * FROM Usuario WHERE id=3
2017-04-27 17:03:24 INFO  DAO:31 - INFO: conexión creada
2017-04-27 17:03:24 INFO  DAO:31 - INFO: conexión creada
2017-04-27 17:03:24 INFO  DAO:348 - INFO: Logeado: Aleix
2017-04-27 17:03:24 INFO  DAO:348 - INFO: Logeado: Aleix
2017-04-27 17:04:36 INFO  DAO:31 - INFO: conexión creada
2017-04-27 17:04:36 INFO  DAO:348 - INFO: Logeado: Aleix
2017-04-27 17:07:27 INFO  DAO:31 - INFO: conexión creada
2017-04-27 17:07:27 INFO  DAO:348 - INFO: Logeado: Aleix
2017-04-27 17:08:42 INFO  DAO:31 - INFO: conexión creada
2017-04-27 17:08:42 INFO  DAO:348 - INFO: Logeado: Aleix
2017-04-27 17:17:25 INFO  DAO:31 - INFO: conexión creada
2017-04-27 17:17:25 INFO  DAO:348 - INFO: Logeado: Aleix
2017-04-27 17:17:45 INFO  DAO:31 - INFO: conexión creada
2017-04-27 17:17:45 INFO  DAO:370 - INFO: Usuario ya existente: 
2017-04-27 17:18:33 INFO  DAO:31 - INFO: conexión creada
2017-04-27 17:18:33 INFO  DAO:370 - INFO: Usuario ya existente: 
2017-04-27 17:19:33 INFO  DAO:31 - INFO: conexión creada
2017-04-27 17:19:33 INFO  DAO:370 - INFO: Usuario ya existente: aleix
2017-04-27 17:19:45 INFO  DAO:31 - INFO: conexión creada
2017-04-27 17:19:45 INFO  DAO:370 - INFO: Usuario ya existente: aleix
2017-04-27 17:19:50 INFO  DAO:31 - INFO: conexión creada
2017-04-27 17:19:50 INFO  DAO:370 - INFO: Usuario ya existente: aleix
2017-04-27 17:21:30 INFO  DAO:31 - INFO: conexión creada
2017-04-27 17:21:30 INFO  DAO:348 - INFO: Logeado: Aleix
2017-04-27 17:21:39 INFO  DAO:31 - INFO: conexión creada
2017-04-27 17:21:39 INFO  DAO:370 - INFO: Usuario ya existente: 
2017-04-27 17:32:50 INFO  DAO:31 - INFO: conexión creada
2017-04-27 17:32:50 INFO  DAO:348 - INFO: Logeado: Aleix
2017-04-27 17:33:25 INFO  DAO:31 - INFO: conexión creada
2017-04-27 17:33:25 INFO  DAO:141 - INFO: Select  statement: com.mysql.jdbc.JDBC4PreparedStatement@3404315: SELECT * FROM Eetakemon WHERE id=2
2017-04-27 17:33:25 INFO  DAO:31 - INFO: conexión creada
2017-04-27 17:33:50 INFO  DAO:31 - INFO: conexión creada
2017-04-27 17:33:50 INFO  DAO:141 - INFO: Select  statement: com.mysql.jdbc.JDBC4PreparedStatement@3d31b4b2: SELECT * FROM Usuario WHERE id=2
2017-04-27 17:33:56 INFO  DAO:31 - INFO: conexión creada
2017-04-27 17:33:56 INFO  DAO:141 - INFO: Select  statement: com.mysql.jdbc.JDBC4PreparedStatement@25a1fc1a: SELECT * FROM Usuario WHERE id=3
2017-04-27 17:34:11 INFO  DAO:31 - INFO: conexión creada
2017-04-27 17:34:11 INFO  DAO:141 - INFO: Select  statement: com.mysql.jdbc.JDBC4PreparedStatement@4ad67cad: SELECT * FROM Eetakemon WHERE id=2
2017-04-27 17:34:11 INFO  DAO:31 - INFO: conexión creada
2017-04-27 17:35:21 INFO  DAO:31 - INFO: conexión creada
2017-04-27 17:35:21 INFO  DAO:348 - INFO: Logeado: Aleix
2017-04-27 17:35:47 INFO  DAO:31 - INFO: conexión creada
2017-04-27 17:35:47 INFO  DAO:141 - INFO: Select  statement: com.mysql.jdbc.JDBC4PreparedStatement@5d1e4bfd: SELECT * FROM Eetakemon WHERE id=2
2017-04-27 17:35:47 INFO  DAO:31 - INFO: conexión creada
